Predictions for: I enjoy writing to APIs with my favorite programming
Partial words: disabled
Top Prediction: language
Full output:
{u'results': [{u'prior': 0.02982093482388373,
               u'score': -0.41244853646,
               u'word': u'language'},
              {u'prior': 0.02832988787556193,
               u'score': -0.607542722431,
               u'word': u'is'},
              {u'prior': 0.06560606348657609,
               u'score': -0.68988186081,
               u'word': u'and'},
              {u'prior': 0.025347793777945375,
               u'score': -0.716151798779,
               u'word': u'that'},
              {u'prior': 0.04547691472839886,
               u'score': -0.724508745629,
               u'word': u'for'},
              {u'prior': 0.003727615297667801,
               u'score': -0.776435665764,
               u'word': u'because'},
              {u'prior': 0.020874653454584297,
               u'score': -0.80646354538,
               u'word': u'on'},
              {u'prior': 0.014910468232936347,
               u'score': -0.823410966306,
               u'word': u'i'},
              {u'prior': 0.01565598766144311,
               u'score': -0.833191635104,
               u'word': u'with'},
              {u'prior': 0.009691800390119217,
               u'score': -0.841389595888,
               u'word': u'but'},
              {u'prior': 0.0059641839406941516,
               u'score': -0.848712117517,
               u'word': u'while'},
              {u'prior': 0.002982093974330376,
               u'score': -0.885480814568,
               u'word': u'you'},
              {u'prior': 0.003727615297667801,
               u'score': -0.891695757252,
               u'word': u'alert'},
              {u'prior': 0.005218661506836307,
               u'score': -0.899437148278,
               u'word': u'skills'},
              {u'prior': 0.005218661506836307,
               u'score': -0.902809644364,
               u'word': u'including'},
              {u'prior': 0.006709711510912631,
               u'score': -0.919487199229,
               u'word': u'from'},
              {u'prior': 0.003727615297667801,
               u'score': -0.930177956292,
               u'word': u"it's"},
              {u'prior': 0.008946279444141817,
               u'score': -0.936737957091,
               u'word': u'it'},
              {u'prior': 0.013419421235361936,
               u'score': -0.953648412674,
               u'word': u'at'},
              {u'prior': 0.005218661506836307,
               u'score': -0.969785299464,
               u'word': u'will'},
              {u'prior': 0.003727615297667801,
               u'score': -0.970240210704,
               u'word': u'this'},
              {u'prior': 0.003727615297667801,
               u'score': -0.986014610572,
               u'word': u'they'},
              {u'prior': 0.030566447914230417,
               u'score': -0.992320434603,
               u'word': u'to'},
              {u'prior': 0.003727615297667801,
               u'score': -1.019654756404,
               u'word': u'so'},
              {u'prior': 0.008946279444141817,
               u'score': -1.042145857712,
               u'word': u'languages'},
              {u'prior': 0.002982093974330376,
               u'score': -1.048483687148,
               u'word': u'has'},
              {u'prior': 0.003727615297667801,
               u'score': -1.05304385746,
               u'word': u'my'},
              {u'prior': 0.009691800390119217,
               u'score': -1.060947827936,
               u'word': u'as'},
              {u'prior': 0.002982093974330376,
               u'score': -1.080282252636,
               u'word': u'online'},
              {u'prior': 0.002982093974330376,
               u'score': -1.102947416284,
               u'word': u'classes'},
              {u'prior': 0.003727615297667801,
               u'score': -1.10759532246,
               u'word': u'when'},
              {u'prior': 0.002982093974330376,
               u'score': -1.10811148455,
               u'word': u'code'},
              {u'prior': 0.003727615297667801,
               u'score': -1.127867858028,
               u'word': u'such'},
              {u'prior': 0.02982093482388373,
               u'score': -1.13042696318,
               u'word': u'in'},
              {u'prior': 0.002982093974330376,
               u'score': -1.139788225198,
               u'word': u'class'},
              {u'prior': 0.002982093974330376,
               u'score': -1.142191023639,
               u'word': u'by'},
              {u'prior': 0.018638071248465646,
               u'score': -1.179499471395,
               u'word': u'the'},
              {u'prior': 0.006709711510912631,
               u'score': -1.189763574757,
               u'word': u'error'},
              {u'prior': 0.004473137691903528,
               u'score': -1.205049085456,
               u'word': u'was'},
              {u'prior': 0.005218661506836307,
               u'score': -1.22693047599,
               u'word': u'or'},
              {u'prior': 0.008200750848743395,
               u'score': -1.24147144817,
               u'word': u'note'},
              {u'prior': 0.007455232370390883,
               u'score': -1.255598148816,
               u'word': u'a'},
              {u'prior': 0.002982093974330376,
               u'score': -1.295763553177,
               u'word': u'what'},
              {u'prior': 0.002982093974330376,
               u'score': -1.304732505325,
               u'word': u'like'},
              {u'prior': 0.010437322722984541,
               u'score': -1.3286146125,
               u'word': u'of'},
              {u'prior': 0.003727615297667801,
               u'score': -1.35101231266,
               u'word': u'are'},
              {u'prior': 0.003727615297667801,
               u'score': -1.364586529544,
               u'word': u'library'},
              {u'prior': 0.002982093974330376,
               u'score': -1.378374730527,
               u'word': u'platform'},
              {u'prior': 0.005218661506836307,
               u'score': -1.391193137702,
               u'word': u'costs'},
              {u'prior': 0.002982093974330376,
               u'score': -1.411652350062,
               u'word': u'said'}]}

Predictions for: Have a good d
Partial words: enabled
Top Prediction: day
Full output:
{u'results': [{u'prior': 0.01774048899888241,
               u'score': -0.877713530802,
               u'word': u'day'},
              {u'prior': 0.0006293364582035105,
               u'score': -0.894496829695,
               u'word': u'deed'},
              {u'prior': 0.0007880883153885119,
               u'score': -0.98595373896,
               u'word': u'deeds'},
              {u'prior': 0.0029879301079973543,
               u'score': -1.106206642922,
               u'word': u'deal'},
              {u'prior': 0.0008050972973612015,
               u'score': -1.134730707556,
               u'word': u'd'},
              {u'prior': 0.0009355004433832398,
               u'score': -1.169945446947,
               u'word': u'days'},
              {u'prior': 0.0004138880738339022,
               u'score': -1.266374937729,
               u'word': u'dude'},
              {u'prior': 0.00013607272371038713,
               u'score': -1.280892777495,
               u'word': u'defender'},
              {u'prior': 0.0001417424680079684,
               u'score': -1.297510030651,
               u'word': u'drainage'},
              {u'prior': 0.0005386213349842826,
               u'score': -1.33215489488,
               u'word': u'deals'},
              {u'prior': 0.00047625488786937455,
               u'score': -1.337342397832,
               u'word': u"don't"},
              {u'prior': 0.00021544853971723952,
               u'score': -1.339241643871,
               u'word': u'doctor'},
              {u'prior': 0.0004989333402303974,
               u'score': -1.344155329953,
               u'word': u'decisions'},
              {u'prior': 0.00024379695599018017,
               u'score': -1.349899338412,
               u'word': u'doing'},
              {u'prior': 0.00023245765357749452,
               u'score': -1.36272340122,
               u'word': u'does'},
              {u'prior': 0.0003855396125489864,
               u'score': -1.379428045169,
               u'word': u'did'},
              {u'prior': 0.0006406758768958522,
               u'score': -1.396917059492,
               u'word': u'defense'},
              {u'prior': 0.00010205455244468811,
               u'score': -1.400989835796,
               u'word': u'date'},
              {u'prior': 0.00015875161226950926,
               u'score': -1.409760183303,
               u'word': u'dad'},
              {u'prior': 0.00019843946646962317,
               u'score': -1.420653812312,
               u'word': u'dose'},
              {u'prior': 0.0002721456430229709,
               u'score': -1.434623590509,
               u'word': u'dinner'},
              {u'prior': 0.0005329515206360817,
               u'score': -1.450728194033,
               u'word': u'decision'},
              {u'prior': 0.0001247334195980554,
               u'score': -1.481528318449,
               u'word': u'description'},
              {u'prior': 0.0004989333402303974,
               u'score': -1.481609357736,
               u'word': u'do'},
              {u'prior': 0.0004138880738339022,
               u'score': -1.489619885373,
               u'word': u'design'},
              {u'prior': 0.00015308180694886096,
               u'score': -1.49087657263,
               u'word': u"doesn't"},
              {u'prior': 0.0001417424680079684,
               u'score': -1.52489784791,
               u'word': u'damn'},
              {u'prior': 0.00015875161226950926,
               u'score': -1.537452163637,
               u'word': u'dream'},
              {u'prior': 9.638486319182655e-05,
               u'score': -1.539960242745,
               u'word': u'despite'},
              {u'prior': 0.0003345124135322563,
               u'score': -1.541088747246,
               u'word': u'dog'},
              {u'prior': 0.00010205455244468811,
               u'score': -1.546905275765,
               u'word': u'definitely'},
              {u'prior': 0.00013607272371038713,
               u'score': -1.561007341775,
               u'word': u'data'},
              {u'prior': 0.0002494668548283652,
               u'score': -1.572034895835,
               u'word': u'defensive'},
              {u'prior': 0.00018710003875591283,
               u'score': -1.57850596448,
               u'word': u'drink'},
              {u'prior': 0.0001247334195980554,
               u'score': -1.580036619291,
               u'word': u'driver'},
              {u'prior': 0.00020410925778950327,
               u'score': -1.580195918356,
               u'word': u'dancer'},
              {u'prior': 0.00010772426148282915,
               u'score': -1.591842854128,
               u'word': u'down'},
              {u'prior': 9.071519184749866e-05,
               u'score': -1.601315256125,
               u'word': u'draft'},
              {u'prior': 0.0002267880190102943,
               u'score': -1.604076852328,
               u'word': u'die'},
              {u'prior': 0.0003061638289038289,
               u'score': -1.675831179732,
               u'word': u'discussion'},
              {u'prior': 0.00018710003875591283,
               u'score': -1.70590627264,
               u'word': u'diet'},
              {u'prior': 0.00013607272371038713,
               u'score': -1.7218241003,
               u'word': u'during'},
              {u'prior': 0.00013607272371038713,
               u'score': -1.7425389532,
               u'word': u'drinks'},
              {u'prior': 9.071519184749866e-05,
               u'score': -1.877797617055,
               u'word': u'debate'}]}

Predictions for: Have a good n
Partial words: enabled
Top Prediction: night
Full output:
{u'results': [{u'prior': 0.014911305480417787,
               u'score': -0.695826383392,
               u'word': u'night'},
              {u'prior': 0.0005896485818553331,
               u'score': -0.96332586638,
               u'word': u"night's"},
              {u'prior': 0.0014230951324095643,
               u'score': -1.063818308599,
               u'word': u'not'},
              {u'prior': 0.0006350065727899381,
               u'score': -1.14666850048,
               u'word': u'number'},
              {u'prior': 0.001099921432432629,
               u'score': -1.17063035184,
               u'word': u'no'},
              {u'prior': 0.0006746942572243537,
               u'score': -1.17727341904,
               u'word': u'name'},
              {u'prior': 0.0004138880738339022,
               u'score': -1.181596153811,
               u'word': u'nite'},
              {u'prior': 0.0020070744968031288,
               u'score': -1.23176113442,
               u'word': u'now'},
              {u'prior': 0.00041955763754585095,
               u'score': -1.25160774294,
               u'word': u'neighbor'},
              {u'prior': 0.00030049406961950103,
               u'score': -1.262991466272,
               u'word': u'nights'},
              {u'prior': 0.00026647596355255655,
               u'score': -1.3121828946,
               u'word': u'nice'},
              {u'prior': 0.00032884241737172066,
               u'score': -1.316944969378,
               u'word': u'note'},
              {u'prior': 0.0006860333825513124,
               u'score': -1.351671931098,
               u'word': u'new'},
              {u'prior': 0.015563330962233918,
               u'score': -1.356944004768,
               u'word': u'news'},
              {u'prior': 0.00015875161226950926,
               u'score': -1.367136360515,
               u'word': u'never'},
              {u'prior': 0.00029482433080349555,
               u'score': -1.367403889052,
               u'word': u'numbers'},
              {u'prior': 0.00017576058947379506,
               u'score': -1.374788716504,
               u'word': u'nothing'},
              {u'prior': 0.00021544853971723952,
               u'score': -1.385799115982,
               u'word': u'nap'},
              {u'prior': 0.00026647596355255655,
               u'score': -1.43160680664,
               u'word': u'next'},
              {u'prior': 0.00015875161226950926,
               u'score': -1.458388926255,
               u'word': u'neighbors'},
              {u'prior': 0.00015875161226950926,
               u'score': -1.469271089136,
               u'word': u'nature'},
              {u'prior': 0.00017009097696476087,
               u'score': -1.484836648401,
               u'word': u'nutrition'},
              {u'prior': 0.00011339396345655334,
               u'score': -1.501451207019,
               u'word': u'nor'},
              {u'prior': 0.00011906368132889812,
               u'score': -1.59125330423,
               u'word': u'notes'},
              {u'prior': 0.00014741211017873945,
               u'score': -1.618966902393,
               u'word': u'novel'},
              {u'prior': 0.00021544853971723952,
               u'score': -1.659518212124,
               u'word': u'n'}]}

